<?xml version="1.0" encoding="UTF-8"?>
<robot generator="Robot 7.0 (Python 3.8.10 on linux)" generated="2024-05-15T17:37:11.529582" rpa="false" schemaversion="5">
<suite id="s1" name="Api" source="/home/costrategix/PycharmProjects/Sample/test/Api.robot">
<kw name="Authenticate as Admin" type="SETUP">
<kw name="Create Dictionary" owner="BuiltIn">
<msg time="2024-05-15T17:37:11.570342" level="INFO">${body} = {'username': 'admin', 'password': 'password123'}</msg>
<var>${body}</var>
<arg>username=admin</arg>
<arg>password=password123</arg>
<doc>Creates and returns a dictionary based on the given ``items``.</doc>
<status status="PASS" start="2024-05-15T17:37:11.570134" elapsed="0.000229"/>
</kw>
<kw name="POST" owner="RequestsLibrary">
<msg time="2024-05-15T17:37:12.736432" level="INFO">POST Request : url=https://restful-booker.herokuapp.com/auth 
 path_url=/auth 
 headers={'User-Agent': 'python-requests/2.22.0', 'Accept-Encoding': 'gzip, deflate', 'Accept': '*/*', 'Connection': 'keep-alive', 'Content-Length': '48', 'Content-Type': 'application/json'} 
 body=b'{"username": "admin", "password": "password123"}' 
 </msg>
<msg time="2024-05-15T17:37:12.736740" level="INFO">POST Response : url=https://restful-booker.herokuapp.com/auth 
 status=200, reason=OK 
 headers={'Server': 'Cowboy', 'Report-To': '{"group":"heroku-nel","max_age":3600,"endpoints":[{"url":"https://nel.heroku.com/reports?ts=1715774832&amp;sid=c46efe9b-d3d2-4a0c-8c76-bfafa16c5add&amp;s=h9bsuOxVxs%2BL%2BanHQO9MDDH200d%2BR7Lvk4weaPA%2F1iI%3D"}]}', 'Reporting-Endpoints': 'heroku-nel=https://nel.heroku.com/reports?ts=1715774832&amp;sid=c46efe9b-d3d2-4a0c-8c76-bfafa16c5add&amp;s=h9bsuOxVxs%2BL%2BanHQO9MDDH200d%2BR7Lvk4weaPA%2F1iI%3D', 'Nel': '{"report_to":"heroku-nel","max_age":3600,"success_fraction":0.005,"failure_fraction":0.05,"response_headers":["Via"]}', 'Connection': 'keep-alive', 'X-Powered-By': 'Express', 'Content-Type': 'application/json; charset=utf-8', 'Content-Length': '27', 'Etag': 'W/"1b-7et/vbS8kS4LS7HVFjsRpCNARVE"', 'Date': 'Wed, 15 May 2024 12:07:12 GMT', 'Via': '1.1 vegur'} 
 body={"token":"7f065d262cbb906"} 
 </msg>
<msg time="2024-05-15T17:37:12.737103" level="INFO">${response} = &lt;Response [200]&gt;</msg>
<var>${response}</var>
<arg>url=https://restful-booker.herokuapp.com/auth</arg>
<arg>json=${body}</arg>
<doc>Sends a POST request.</doc>
<status status="PASS" start="2024-05-15T17:37:11.570449" elapsed="1.166720"/>
</kw>
<kw name="Log" owner="BuiltIn">
<msg time="2024-05-15T17:37:12.738607" level="INFO">{'token': '7f065d262cbb906'}</msg>
<arg>${response.json()}</arg>
<doc>Logs the given message with the given level.</doc>
<status status="PASS" start="2024-05-15T17:37:12.737559" elapsed="0.001145"/>
</kw>
<kw name="Set Variable" owner="BuiltIn">
<msg time="2024-05-15T17:37:12.739814" level="INFO">${token} = 7f065d262cbb906</msg>
<var>${token}</var>
<arg>${response.json()}[token]</arg>
<doc>Returns the given values which can then be assigned to a variables.</doc>
<status status="PASS" start="2024-05-15T17:37:12.738958" elapsed="0.000902"/>
</kw>
<kw name="Log" owner="BuiltIn">
<msg time="2024-05-15T17:37:12.740317" level="INFO">7f065d262cbb906</msg>
<arg>${token}</arg>
<doc>Logs the given message with the given level.</doc>
<status status="PASS" start="2024-05-15T17:37:12.740083" elapsed="0.000305"/>
</kw>
<kw name="Set Suite Variable" owner="BuiltIn">
<msg time="2024-05-15T17:37:12.740947" level="INFO">${token} = 7f065d262cbb906</msg>
<arg>${token}</arg>
<doc>Makes a variable available everywhere within the scope of the current suite.</doc>
<status status="PASS" start="2024-05-15T17:37:12.740605" elapsed="0.000414"/>
</kw>
<status status="PASS" start="2024-05-15T17:37:11.569162" elapsed="1.171915"/>
</kw>
<test id="s1-t1" name="Create a Booking at Restful Booker" line="8">
<kw name="Create Dictionary" owner="BuiltIn">
<msg time="2024-05-15T17:37:12.741624" level="INFO">${booking_dates} = {'checkin': '2022-12-31', 'checkout': '2023-01-01'}</msg>
<var>${booking_dates}</var>
<arg>checkin=2022-12-31</arg>
<arg>checkout=2023-01-01</arg>
<doc>Creates and returns a dictionary based on the given ``items``.</doc>
<status status="PASS" start="2024-05-15T17:37:12.741489" elapsed="0.000150"/>
</kw>
<kw name="Create Dictionary" owner="BuiltIn">
<msg time="2024-05-15T17:37:12.741883" level="INFO">${body} = {'firstname': 'Hans', 'lastname': 'Gruber', 'totalprice': '200', 'depositpaid': 'false', 'bookingdates': {'checkin': '2022-12-31', 'checkout': '2023-01-01'}}</msg>
<var>${body}</var>
<arg>firstname=Hans</arg>
<arg>lastname=Gruber</arg>
<arg>totalprice=200</arg>
<arg>depositpaid=false</arg>
<arg>bookingdates=${booking_dates}</arg>
<doc>Creates and returns a dictionary based on the given ``items``.</doc>
<status status="PASS" start="2024-05-15T17:37:12.741732" elapsed="0.000168"/>
</kw>
<kw name="POST" owner="RequestsLibrary">
<msg time="2024-05-15T17:37:13.819200" level="INFO">POST Request : url=https://restful-booker.herokuapp.com/booking 
 path_url=/booking 
 headers={'User-Agent': 'python-requests/2.22.0', 'Accept-Encoding': 'gzip, deflate', 'Accept': '*/*', 'Connection': 'keep-alive', 'Content-Length': '157', 'Content-Type': 'application/json'} 
 body=b'{"firstname": "Hans", "lastname": "Gruber", "totalprice": "200", "depositpaid": "false", "bookingdates": {"checkin": "2022-12-31", "checkout": "2023-01-01"}}' 
 </msg>
<msg time="2024-05-15T17:37:13.819438" level="INFO">POST Response : url=https://restful-booker.herokuapp.com/booking 
 status=200, reason=OK 
 headers={'Server': 'Cowboy', 'Report-To': '{"group":"heroku-nel","max_age":3600,"endpoints":[{"url":"https://nel.heroku.com/reports?ts=1715774833&amp;sid=c46efe9b-d3d2-4a0c-8c76-bfafa16c5add&amp;s=AKqRfKYYCm1srwuOqfpBTb1srLz%2Fszu6sm3RXLAXDa0%3D"}]}', 'Reporting-Endpoints': 'heroku-nel=https://nel.heroku.com/reports?ts=1715774833&amp;sid=c46efe9b-d3d2-4a0c-8c76-bfafa16c5add&amp;s=AKqRfKYYCm1srwuOqfpBTb1srLz%2Fszu6sm3RXLAXDa0%3D', 'Nel': '{"report_to":"heroku-nel","max_age":3600,"success_fraction":0.005,"failure_fraction":0.05,"response_headers":["Via"]}', 'Connection': 'keep-alive', 'X-Powered-By': 'Express', 'Content-Type': 'application/json; charset=utf-8', 'Content-Length': '169', 'Etag': 'W/"a9-W1XS8rQGkln/Tu0ioGojfGoKpzQ"', 'Date': 'Wed, 15 May 2024 12:07:13 GMT', 'Via': '1.1 vegur'} 
 body={"bookingid":2467,"booking":{"firstname":"Hans","lastname":"Gruber","totalprice":200,"depositpaid":true,"bookingdates":{"checkin":"2022-12-31","checkout":"2023-01-01"}}} 
 </msg>
<msg time="2024-05-15T17:37:13.819791" level="INFO">${response} = &lt;Response [200]&gt;</msg>
<var>${response}</var>
<arg>url=https://restful-booker.herokuapp.com/booking</arg>
<arg>json=${body}</arg>
<doc>Sends a POST request.</doc>
<status status="PASS" start="2024-05-15T17:37:12.741994" elapsed="1.077872"/>
</kw>
<kw name="Set Variable" owner="BuiltIn">
<msg time="2024-05-15T17:37:13.821900" level="INFO">${id} = 2467</msg>
<var>${id}</var>
<arg>${response.json()}[bookingid]</arg>
<doc>Returns the given values which can then be assigned to a variables.</doc>
<status status="PASS" start="2024-05-15T17:37:13.820495" elapsed="0.001468"/>
</kw>
<kw name="Set Suite Variable" owner="BuiltIn">
<msg time="2024-05-15T17:37:13.822865" level="INFO">${id} = 2467</msg>
<arg>${id}</arg>
<doc>Makes a variable available everywhere within the scope of the current suite.</doc>
<status status="PASS" start="2024-05-15T17:37:13.822380" elapsed="0.000580"/>
</kw>
<kw name="GET" owner="RequestsLibrary">
<msg time="2024-05-15T17:37:14.998344" level="INFO">GET Request : url=https://restful-booker.herokuapp.com/booking/2467 
 path_url=/booking/2467 
 headers={'User-Agent': 'python-requests/2.22.0', 'Accept-Encoding': 'gzip, deflate', 'Accept': '*/*', 'Connection': 'keep-alive'} 
 body=None 
 </msg>
<msg time="2024-05-15T17:37:14.998608" level="INFO">GET Response : url=https://restful-booker.herokuapp.com/booking/2467 
 status=200, reason=OK 
 headers={'Server': 'Cowboy', 'Report-To': '{"group":"heroku-nel","max_age":3600,"endpoints":[{"url":"https://nel.heroku.com/reports?ts=1715774834&amp;sid=c46efe9b-d3d2-4a0c-8c76-bfafa16c5add&amp;s=ArtmMYjxc5BI5t1vIZOvlk1oTww6f%2F0qFkvNoosCOu0%3D"}]}', 'Reporting-Endpoints': 'heroku-nel=https://nel.heroku.com/reports?ts=1715774834&amp;sid=c46efe9b-d3d2-4a0c-8c76-bfafa16c5add&amp;s=ArtmMYjxc5BI5t1vIZOvlk1oTww6f%2F0qFkvNoosCOu0%3D', 'Nel': '{"report_to":"heroku-nel","max_age":3600,"success_fraction":0.005,"failure_fraction":0.05,"response_headers":["Via"]}', 'Connection': 'keep-alive', 'X-Powered-By': 'Express', 'Content-Type': 'application/json; charset=utf-8', 'Content-Length': '140', 'Etag': 'W/"8c-ZyMX7q5MPk1IIZgzio6YfZY3B+o"', 'Date': 'Wed, 15 May 2024 12:07:14 GMT', 'Via': '1.1 vegur'} 
 body={"firstname":"Hans","lastname":"Gruber","totalprice":200,"depositpaid":true,"bookingdates":{"checkin":"2022-12-31","checkout":"2023-01-01"}} 
 </msg>
<msg time="2024-05-15T17:37:15.000319" level="INFO">${response} = &lt;Response [200]&gt;</msg>
<var>${response}</var>
<arg>https://restful-booker.herokuapp.com/booking/${id}</arg>
<doc>Sends a GET request.</doc>
<status status="PASS" start="2024-05-15T17:37:13.823304" elapsed="1.177119"/>
</kw>
<kw name="Log" owner="BuiltIn">
<msg time="2024-05-15T17:37:15.002801" level="INFO">{'firstname': 'Hans', 'lastname': 'Gruber', 'totalprice': 200, 'depositpaid': True, 'bookingdates': {'checkin': '2022-12-31', 'checkout': '2023-01-01'}}</msg>
<arg>${response.json()}</arg>
<doc>Logs the given message with the given level.</doc>
<status status="PASS" start="2024-05-15T17:37:15.000983" elapsed="0.001933"/>
</kw>
<kw name="Should Be Equal" owner="BuiltIn">
<arg>${response.json()}[lastname]</arg>
<arg>Gruber</arg>
<doc>Fails if the given objects are unequal.</doc>
<status status="PASS" start="2024-05-15T17:37:15.003303" elapsed="0.001115"/>
</kw>
<kw name="Should Be Equal" owner="BuiltIn">
<arg>${response.json()}[firstname]</arg>
<arg>Hans</arg>
<doc>Fails if the given objects are unequal.</doc>
<status status="PASS" start="2024-05-15T17:37:15.004769" elapsed="0.000903"/>
</kw>
<kw name="Should Be Equal As Numbers" owner="BuiltIn">
<msg time="2024-05-15T17:37:15.006700" level="INFO">Argument types are:
&lt;class 'int'&gt;
&lt;class 'str'&gt;</msg>
<arg>${response.json()}[totalprice]</arg>
<arg>200</arg>
<doc>Fails if objects are unequal after converting them to real numbers.</doc>
<status status="PASS" start="2024-05-15T17:37:15.005999" elapsed="0.000801"/>
</kw>
<kw name="Dictionary Should Contain Value" owner="Collections">
<msg time="2024-05-15T17:37:15.007623" level="INFO">False</msg>
<arg>${response.json()}</arg>
<arg>Gruber</arg>
<doc>Fails if ``value`` is not found from ``dictionary``.</doc>
<status status="PASS" start="2024-05-15T17:37:15.007021" elapsed="0.000657"/>
</kw>
<status status="PASS" start="2024-05-15T17:37:12.741139" elapsed="2.266732"/>
</test>
<test id="s1-t2" name="Get Bookings from Restful Booker" line="21">
<kw name="Create Dictionary" owner="BuiltIn">
<msg time="2024-05-15T17:37:15.008740" level="INFO">${body} = {'firstname': 'Hans'}</msg>
<var>${body}</var>
<arg>firstname=Hans</arg>
<doc>Creates and returns a dictionary based on the given ``items``.</doc>
<status status="PASS" start="2024-05-15T17:37:15.008488" elapsed="0.000283"/>
</kw>
<kw name="GET" owner="RequestsLibrary">
<msg time="2024-05-15T17:37:16.107510" level="INFO">GET Request : url=https://restful-booker.herokuapp.com/booking?firstname=Hans 
 path_url=/booking?firstname=Hans 
 headers={'User-Agent': 'python-requests/2.22.0', 'Accept-Encoding': 'gzip, deflate', 'Accept': '*/*', 'Connection': 'keep-alive'} 
 body=None 
 </msg>
<msg time="2024-05-15T17:37:16.107763" level="INFO">GET Response : url=https://restful-booker.herokuapp.com/booking?firstname=Hans 
 status=200, reason=OK 
 headers={'Server': 'Cowboy', 'Report-To': '{"group":"heroku-nel","max_age":3600,"endpoints":[{"url":"https://nel.heroku.com/reports?ts=1715774835&amp;sid=c46efe9b-d3d2-4a0c-8c76-bfafa16c5add&amp;s=DI4737hOhi0rXBcpKKHCZgYby4jZnJVk28pi%2BFO9pWA%3D"}]}', 'Reporting-Endpoints': 'heroku-nel=https://nel.heroku.com/reports?ts=1715774835&amp;sid=c46efe9b-d3d2-4a0c-8c76-bfafa16c5add&amp;s=DI4737hOhi0rXBcpKKHCZgYby4jZnJVk28pi%2BFO9pWA%3D', 'Nel': '{"report_to":"heroku-nel","max_age":3600,"success_fraction":0.005,"failure_fraction":0.05,"response_headers":["Via"]}', 'Connection': 'keep-alive', 'X-Powered-By': 'Express', 'Content-Type': 'application/json; charset=utf-8', 'Content-Length': '57', 'Etag': 'W/"39-LTGQ4zCqIkq2XX1L5JFrjmlSyX0"', 'Date': 'Wed, 15 May 2024 12:07:15 GMT', 'Via': '1.1 vegur'} 
 body=[{"bookingid":2205},{"bookingid":927},{"bookingid":2467}] 
 </msg>
<msg time="2024-05-15T17:37:16.108082" level="INFO">${response} = &lt;Response [200]&gt;</msg>
<var>${response}</var>
<arg>https://restful-booker.herokuapp.com/booking</arg>
<arg>${body}</arg>
<doc>Sends a GET request.</doc>
<status status="PASS" start="2024-05-15T17:37:15.008930" elapsed="1.099213"/>
</kw>
<kw name="Status Should Be" owner="RequestsLibrary">
<arg>200</arg>
<doc>Fails if response status code is different than the expected.</doc>
<status status="PASS" start="2024-05-15T17:37:16.108729" elapsed="0.000374"/>
</kw>
<kw name="Log List" owner="Collections">
<msg time="2024-05-15T17:37:16.110426" level="INFO">List length is 3 and it contains following items:
0: {'bookingid': 2205}
1: {'bookingid': 927}
2: {'bookingid': 2467}</msg>
<arg>${response.json()}</arg>
<doc>Logs the length and contents of the ``list`` using given ``level``.</doc>
<status status="PASS" start="2024-05-15T17:37:16.109423" elapsed="0.001100"/>
</kw>
<for flavor="IN">
<iter>
<kw name="GET" owner="RequestsLibrary">
<msg time="2024-05-15T17:37:17.300527" level="INFO">GET Request : url=https://restful-booker.herokuapp.com/booking/2205 
 path_url=/booking/2205 
 headers={'User-Agent': 'python-requests/2.22.0', 'Accept-Encoding': 'gzip, deflate', 'Accept': '*/*', 'Connection': 'keep-alive'} 
 body=None 
 </msg>
<msg time="2024-05-15T17:37:17.300799" level="INFO">GET Response : url=https://restful-booker.herokuapp.com/booking/2205 
 status=200, reason=OK 
 headers={'Server': 'Cowboy', 'Report-To': '{"group":"heroku-nel","max_age":3600,"endpoints":[{"url":"https://nel.heroku.com/reports?ts=1715774837&amp;sid=c46efe9b-d3d2-4a0c-8c76-bfafa16c5add&amp;s=vaY6YueeWSAkOzIW3zqfftpeUAlJw%2F1xbJiDDtcsowQ%3D"}]}', 'Reporting-Endpoints': 'heroku-nel=https://nel.heroku.com/reports?ts=1715774837&amp;sid=c46efe9b-d3d2-4a0c-8c76-bfafa16c5add&amp;s=vaY6YueeWSAkOzIW3zqfftpeUAlJw%2F1xbJiDDtcsowQ%3D', 'Nel': '{"report_to":"heroku-nel","max_age":3600,"success_fraction":0.005,"failure_fraction":0.05,"response_headers":["Via"]}', 'Connection': 'keep-alive', 'X-Powered-By': 'Express', 'Content-Type': 'application/json; charset=utf-8', 'Content-Length': '140', 'Etag': 'W/"8c-ZyMX7q5MPk1IIZgzio6YfZY3B+o"', 'Date': 'Wed, 15 May 2024 12:07:17 GMT', 'Via': '1.1 vegur'} 
 body={"firstname":"Hans","lastname":"Gruber","totalprice":200,"depositpaid":true,"bookingdates":{"checkin":"2022-12-31","checkout":"2023-01-01"}} 
 </msg>
<msg time="2024-05-15T17:37:17.302259" level="INFO">${response} = &lt;Response [200]&gt;</msg>
<var>${response}</var>
<arg>https://restful-booker.herokuapp.com/booking/${booking}[bookingid]</arg>
<doc>Sends a GET request.</doc>
<status status="PASS" start="2024-05-15T17:37:16.111823" elapsed="1.190516"/>
</kw>
<try>
<branch type="TRY">
<kw name="Log" owner="BuiltIn">
<msg time="2024-05-15T17:37:17.304427" level="INFO">{'firstname': 'Hans', 'lastname': 'Gruber', 'totalprice': 200, 'depositpaid': True, 'bookingdates': {'checkin': '2022-12-31', 'checkout': '2023-01-01'}}</msg>
<arg>${response.json()}</arg>
<doc>Logs the given message with the given level.</doc>
<status status="PASS" start="2024-05-15T17:37:17.303354" elapsed="0.001172"/>
</kw>
<status status="PASS" start="2024-05-15T17:37:17.303084" elapsed="0.001517"/>
</branch>
<branch type="EXCEPT">
<kw name="Log" owner="BuiltIn">
<arg>Cannot retrieve JSON due to invalid data</arg>
<doc>Logs the given message with the given level.</doc>
<status status="NOT RUN" start="2024-05-15T17:37:17.304913" elapsed="0.000038"/>
</kw>
<status status="NOT RUN" start="2024-05-15T17:37:17.304711" elapsed="0.000382"/>
</branch>
<status status="PASS" start="2024-05-15T17:37:17.302984" elapsed="0.002162"/>
</try>
<var name="${booking}">{'bookingid': 2205}</var>
<status status="PASS" start="2024-05-15T17:37:16.111698" elapsed="1.193489"/>
</iter>
<iter>
<kw name="GET" owner="RequestsLibrary">
<msg time="2024-05-15T17:37:18.427298" level="INFO">GET Request : url=https://restful-booker.herokuapp.com/booking/927 
 path_url=/booking/927 
 headers={'User-Agent': 'python-requests/2.22.0', 'Accept-Encoding': 'gzip, deflate', 'Accept': '*/*', 'Connection': 'keep-alive'} 
 body=None 
 </msg>
<msg time="2024-05-15T17:37:18.427550" level="INFO">GET Response : url=https://restful-booker.herokuapp.com/booking/927 
 status=200, reason=OK 
 headers={'Server': 'Cowboy', 'Report-To': '{"group":"heroku-nel","max_age":3600,"endpoints":[{"url":"https://nel.heroku.com/reports?ts=1715774838&amp;sid=c46efe9b-d3d2-4a0c-8c76-bfafa16c5add&amp;s=g1XiCsvMyYSKTGN3Q8rBDuRGQXbzL3bXS%2BonVBUQBlQ%3D"}]}', 'Reporting-Endpoints': 'heroku-nel=https://nel.heroku.com/reports?ts=1715774838&amp;sid=c46efe9b-d3d2-4a0c-8c76-bfafa16c5add&amp;s=g1XiCsvMyYSKTGN3Q8rBDuRGQXbzL3bXS%2BonVBUQBlQ%3D', 'Nel': '{"report_to":"heroku-nel","max_age":3600,"success_fraction":0.005,"failure_fraction":0.05,"response_headers":["Via"]}', 'Connection': 'keep-alive', 'X-Powered-By': 'Express', 'Content-Type': 'application/json; charset=utf-8', 'Content-Length': '140', 'Etag': 'W/"8c-ZyMX7q5MPk1IIZgzio6YfZY3B+o"', 'Date': 'Wed, 15 May 2024 12:07:18 GMT', 'Via': '1.1 vegur'} 
 body={"firstname":"Hans","lastname":"Gruber","totalprice":200,"depositpaid":true,"bookingdates":{"checkin":"2022-12-31","checkout":"2023-01-01"}} 
 </msg>
<msg time="2024-05-15T17:37:18.429260" level="INFO">${response} = &lt;Response [200]&gt;</msg>
<var>${response}</var>
<arg>https://restful-booker.herokuapp.com/booking/${booking}[bookingid]</arg>
<doc>Sends a GET request.</doc>
<status status="PASS" start="2024-05-15T17:37:17.305593" elapsed="1.123776"/>
</kw>
<try>
<branch type="TRY">
<kw name="Log" owner="BuiltIn">
<msg time="2024-05-15T17:37:18.431870" level="INFO">{'firstname': 'Hans', 'lastname': 'Gruber', 'totalprice': 200, 'depositpaid': True, 'bookingdates': {'checkin': '2022-12-31', 'checkout': '2023-01-01'}}</msg>
<arg>${response.json()}</arg>
<doc>Logs the given message with the given level.</doc>
<status status="PASS" start="2024-05-15T17:37:18.430018" elapsed="0.001901"/>
</kw>
<status status="PASS" start="2024-05-15T17:37:18.429697" elapsed="0.002260"/>
</branch>
<branch type="EXCEPT">
<kw name="Log" owner="BuiltIn">
<arg>Cannot retrieve JSON due to invalid data</arg>
<doc>Logs the given message with the given level.</doc>
<status status="NOT RUN" start="2024-05-15T17:37:18.432097" elapsed="0.000017"/>
</kw>
<status status="NOT RUN" start="2024-05-15T17:37:18.432001" elapsed="0.000145"/>
</branch>
<status status="PASS" start="2024-05-15T17:37:18.429595" elapsed="0.002576"/>
</try>
<var name="${booking}">{'bookingid': 927}</var>
<status status="PASS" start="2024-05-15T17:37:17.305533" elapsed="1.126660"/>
</iter>
<iter>
<kw name="GET" owner="RequestsLibrary">
<msg time="2024-05-15T17:37:19.662767" level="INFO">GET Request : url=https://restful-booker.herokuapp.com/booking/2467 
 path_url=/booking/2467 
 headers={'User-Agent': 'python-requests/2.22.0', 'Accept-Encoding': 'gzip, deflate', 'Accept': '*/*', 'Connection': 'keep-alive'} 
 body=None 
 </msg>
<msg time="2024-05-15T17:37:19.663010" level="INFO">GET Response : url=https://restful-booker.herokuapp.com/booking/2467 
 status=200, reason=OK 
 headers={'Server': 'Cowboy', 'Report-To': '{"group":"heroku-nel","max_age":3600,"endpoints":[{"url":"https://nel.heroku.com/reports?ts=1715774839&amp;sid=c46efe9b-d3d2-4a0c-8c76-bfafa16c5add&amp;s=JwCjgP2qFu8vYkxprNwEfbZL%2Fzf7dgXyzXf0CgnPjKU%3D"}]}', 'Reporting-Endpoints': 'heroku-nel=https://nel.heroku.com/reports?ts=1715774839&amp;sid=c46efe9b-d3d2-4a0c-8c76-bfafa16c5add&amp;s=JwCjgP2qFu8vYkxprNwEfbZL%2Fzf7dgXyzXf0CgnPjKU%3D', 'Nel': '{"report_to":"heroku-nel","max_age":3600,"success_fraction":0.005,"failure_fraction":0.05,"response_headers":["Via"]}', 'Connection': 'keep-alive', 'X-Powered-By': 'Express', 'Content-Type': 'application/json; charset=utf-8', 'Content-Length': '140', 'Etag': 'W/"8c-ZyMX7q5MPk1IIZgzio6YfZY3B+o"', 'Date': 'Wed, 15 May 2024 12:07:19 GMT', 'Via': '1.1 vegur'} 
 body={"firstname":"Hans","lastname":"Gruber","totalprice":200,"depositpaid":true,"bookingdates":{"checkin":"2022-12-31","checkout":"2023-01-01"}} 
 </msg>
<msg time="2024-05-15T17:37:19.664827" level="INFO">${response} = &lt;Response [200]&gt;</msg>
<var>${response}</var>
<arg>https://restful-booker.herokuapp.com/booking/${booking}[bookingid]</arg>
<doc>Sends a GET request.</doc>
<status status="PASS" start="2024-05-15T17:37:18.432456" elapsed="1.232983"/>
</kw>
<try>
<branch type="TRY">
<kw name="Log" owner="BuiltIn">
<msg time="2024-05-15T17:37:19.667306" level="INFO">{'firstname': 'Hans', 'lastname': 'Gruber', 'totalprice': 200, 'depositpaid': True, 'bookingdates': {'checkin': '2022-12-31', 'checkout': '2023-01-01'}}</msg>
<arg>${response.json()}</arg>
<doc>Logs the given message with the given level.</doc>
<status status="PASS" start="2024-05-15T17:37:19.666137" elapsed="0.001222"/>
</kw>
<status status="PASS" start="2024-05-15T17:37:19.665802" elapsed="0.001595"/>
</branch>
<branch type="EXCEPT">
<kw name="Log" owner="BuiltIn">
<arg>Cannot retrieve JSON due to invalid data</arg>
<doc>Logs the given message with the given level.</doc>
<status status="NOT RUN" start="2024-05-15T17:37:19.667537" elapsed="0.000018"/>
</kw>
<status status="NOT RUN" start="2024-05-15T17:37:19.667441" elapsed="0.000146"/>
</branch>
<status status="PASS" start="2024-05-15T17:37:19.665688" elapsed="0.001926"/>
</try>
<var name="${booking}">{'bookingid': 2467}</var>
<status status="PASS" start="2024-05-15T17:37:18.432373" elapsed="1.235262"/>
</iter>
<var>${booking}</var>
<value>@{response.json()}</value>
<status status="PASS" start="2024-05-15T17:37:16.110725" elapsed="3.556940"/>
</for>
<status status="PASS" start="2024-05-15T17:37:15.008113" elapsed="4.659708"/>
</test>
<test id="s1-t3" name="Delete Booking" line="35">
<kw name="Create Dictionary" owner="BuiltIn">
<msg time="2024-05-15T17:37:19.668628" level="INFO">${header} = {'Cookie': 'token=7f065d262cbb906'}</msg>
<var>${header}</var>
<arg>Cookie=token\=${token}</arg>
<doc>Creates and returns a dictionary based on the given ``items``.</doc>
<status status="PASS" start="2024-05-15T17:37:19.668329" elapsed="0.000325"/>
</kw>
<kw name="DELETE" owner="RequestsLibrary">
<msg time="2024-05-15T17:37:20.921807" level="INFO">DELETE Request : url=https://restful-booker.herokuapp.com/booking/2467 
 path_url=/booking/2467 
 headers={'User-Agent': 'python-requests/2.22.0', 'Accept-Encoding': 'gzip, deflate', 'Accept': '*/*', 'Connection': 'keep-alive', 'Cookie': 'token=7f065d262cbb906', 'Content-Length': '0'} 
 body=None 
 </msg>
<msg time="2024-05-15T17:37:20.922055" level="INFO">DELETE Response : url=https://restful-booker.herokuapp.com/booking/2467 
 status=201, reason=Created 
 headers={'Server': 'Cowboy', 'Report-To': '{"group":"heroku-nel","max_age":3600,"endpoints":[{"url":"https://nel.heroku.com/reports?ts=1715774840&amp;sid=c46efe9b-d3d2-4a0c-8c76-bfafa16c5add&amp;s=risz9U9%2F86wZ2Pn8XRyv4i%2FXR67F2I83BLBriblIV2A%3D"}]}', 'Reporting-Endpoints': 'heroku-nel=https://nel.heroku.com/reports?ts=1715774840&amp;sid=c46efe9b-d3d2-4a0c-8c76-bfafa16c5add&amp;s=risz9U9%2F86wZ2Pn8XRyv4i%2FXR67F2I83BLBriblIV2A%3D', 'Nel': '{"report_to":"heroku-nel","max_age":3600,"success_fraction":0.005,"failure_fraction":0.05,"response_headers":["Via"]}', 'Connection': 'keep-alive', 'X-Powered-By': 'Express', 'Content-Type': 'text/plain; charset=utf-8', 'Content-Length': '7', 'Etag': 'W/"7-rM9AyJuqT6iOan/xHh+AW+7K/T8"', 'Date': 'Wed, 15 May 2024 12:07:20 GMT', 'Via': '1.1 vegur'} 
 body=Created 
 </msg>
<msg time="2024-05-15T17:37:20.922362" level="INFO">${response} = &lt;Response [201]&gt;</msg>
<var>${response}</var>
<arg>url=https://restful-booker.herokuapp.com/booking/${id}</arg>
<arg>headers=${header}</arg>
<doc>Sends a DELETE request.</doc>
<status status="PASS" start="2024-05-15T17:37:19.668809" elapsed="1.253727"/>
</kw>
<kw name="Status Should Be" owner="RequestsLibrary">
<arg>201</arg>
<arg>${response}</arg>
<doc>Fails if response status code is different than the expected.</doc>
<status status="PASS" start="2024-05-15T17:37:20.923048" elapsed="0.000565"/>
</kw>
<status status="PASS" start="2024-05-15T17:37:19.668018" elapsed="1.255908"/>
</test>
<status status="PASS" start="2024-05-15T17:37:11.530075" elapsed="9.394563"/>
</suite>
<statistics>
<total>
<stat pass="3" fail="0" skip="0">All Tests</stat>
</total>
<tag>
</tag>
<suite>
<stat pass="3" fail="0" skip="0" id="s1" name="Api">Api</stat>
</suite>
</statistics>
<errors>
</errors>
</robot>
