<?xml version="1.0" encoding="UTF-8"?>
<robot generator="Robot 7.0 (Python 3.8.10 on linux)" generated="2024-04-18T15:07:56.847735" rpa="false" schemaversion="5">
<suite id="s1" name="Parameterization" source="/home/costrategix/PycharmProjects/Sample/test/parameterization.robot">
<test id="s1-t1" name="Invalid password" line="9">
<kw name="Validate UnSuccesful Login">
<kw name="open the browser with the Mortgage payment url" owner="resource">
<kw name="Get Driver Path With Browser" owner="webManager">
<msg time="2024-04-18T15:07:56.979425" level="INFO">====== WebDriver manager ======</msg>
<msg time="2024-04-18T15:07:57.020121" level="INFO">Get LATEST chromedriver version for google-chrome</msg>
<msg time="2024-04-18T15:07:57.125226" level="INFO">Get LATEST chromedriver version for google-chrome</msg>
<msg time="2024-04-18T15:07:57.209934" level="INFO">Driver [/home/costrategix/.wdm/drivers/chromedriver/linux64/123.0.6312.122/chromedriver-linux64/chromedriver] found in cache</msg>
<msg time="2024-04-18T15:07:57.210191" level="INFO">/home/costrategix/.wdm/drivers/chromedriver/linux64/123.0.6312.122/chromedriver-linux64/chromedriver</msg>
<msg time="2024-04-18T15:07:57.210451" level="INFO">${driver_path} = /home/costrategix/.wdm/drivers/chromedriver/linux64/123.0.6312.122/chromedriver-linux64/chromedriver</msg>
<var>${driver_path}</var>
<arg>chrome</arg>
<status status="PASS" start="2024-04-18T15:07:56.979271" elapsed="0.231235"/>
</kw>
<kw name="Open Browser" owner="SeleniumLibrary">
<msg time="2024-04-18T15:07:57.212249" level="INFO">Opening browser 'chrome' to base url 'https://rahulshettyacademy.com/loginpagePractise/'.</msg>
<arg>${url}</arg>
<arg>chrome</arg>
<arg>executable_path=${driver_path}</arg>
<doc>Opens a new browser instance to the optional ``url``.</doc>
<status status="PASS" start="2024-04-18T15:07:57.211611" elapsed="1.321485"/>
</kw>
<kw name="Maximize Browser Window" owner="SeleniumLibrary">
<doc>Maximizes current browser window.</doc>
<status status="PASS" start="2024-04-18T15:07:58.533804" elapsed="0.105218"/>
</kw>
<kw name="Sleep" owner="BuiltIn">
<msg time="2024-04-18T15:08:00.640244" level="INFO">Slept 2 seconds.</msg>
<arg>2 sec</arg>
<doc>Pauses the test executed for the given time.</doc>
<status status="PASS" start="2024-04-18T15:07:58.639456" elapsed="2.001153"/>
</kw>
<kw name="Go To" owner="SeleniumLibrary">
<msg time="2024-04-18T15:08:00.642633" level="INFO">Opening url 'https://rahulshettyacademy.com/loginpagePractise/'</msg>
<arg>${url}</arg>
<doc>Navigates the current browser window to the provided ``url``.</doc>
<status status="PASS" start="2024-04-18T15:08:00.641542" elapsed="0.042267"/>
</kw>
<status status="PASS" start="2024-04-18T15:07:56.979085" elapsed="3.704950"/>
</kw>
<kw name="Fill the login Form">
<kw name="Input Text" owner="SeleniumLibrary">
<msg time="2024-04-18T15:08:00.685414" level="INFO">Typing text 'rahulshetty' into text field 'id:username'.</msg>
<arg>id:username</arg>
<arg>${username}</arg>
<doc>Types the given ``text`` into the text field identified by ``locator``.</doc>
<status status="PASS" start="2024-04-18T15:08:00.684917" elapsed="0.136513"/>
</kw>
<kw name="Input Password" owner="SeleniumLibrary">
<msg time="2024-04-18T15:08:00.823461" level="INFO">Typing password into text field 'id:password'.</msg>
<msg time="2024-04-18T15:08:00.852757" level="INFO">Temporally setting log level to: NONE</msg>
<arg>id:password</arg>
<arg>${password}</arg>
<doc>Types the given password into the text field identified by ``locator``.</doc>
<status status="PASS" start="2024-04-18T15:08:00.822495" elapsed="0.070353"/>
</kw>
<kw name="Click Button" owner="SeleniumLibrary">
<msg time="2024-04-18T15:08:00.894959" level="INFO">Clicking button 'signInBtn'.</msg>
<arg>signInBtn</arg>
<doc>Clicks the button identified by ``locator``.</doc>
<status status="PASS" start="2024-04-18T15:08:00.893957" elapsed="0.057164"/>
</kw>
<kw name="Wait Until Element Is Visible" owner="SeleniumLibrary">
<arg>css:.alert-danger</arg>
<doc>Waits until the element ``locator`` is visible.</doc>
<status status="PASS" start="2024-04-18T15:08:00.951350" elapsed="2.218021"/>
</kw>
<arg>${username}</arg>
<arg>${password}</arg>
<status status="PASS" start="2024-04-18T15:08:00.684372" elapsed="2.485264"/>
</kw>
<arg>rahulshetty</arg>
<arg>dsdsda</arg>
<status status="PASS" start="2024-04-18T15:07:56.978730" elapsed="6.191059"/>
</kw>
<kw name="Close Browser session" owner="resource" type="TEARDOWN">
<kw name="Close Browser" owner="SeleniumLibrary">
<doc>Closes the current browser.</doc>
<status status="PASS" start="2024-04-18T15:08:03.170898" elapsed="0.056962"/>
</kw>
<status status="PASS" start="2024-04-18T15:08:03.170308" elapsed="0.057747"/>
</kw>
<status status="PASS" start="2024-04-18T15:07:56.978379" elapsed="6.249732"/>
</test>
<doc>To validate the parameterize</doc>
<status status="PASS" start="2024-04-18T15:07:56.852549" elapsed="6.376051"/>
</suite>
<statistics>
<total>
<stat pass="1" fail="0" skip="0">All Tests</stat>
</total>
<tag>
</tag>
<suite>
<stat pass="1" fail="0" skip="0" id="s1" name="Parameterization">Parameterization</stat>
</suite>
</statistics>
<errors>
</errors>
</robot>
