<?xml version="1.0" encoding="UTF-8"?>
<robot generator="Robot 7.0 (Python 3.8.10 on linux)" generated="2024-04-18T15:07:56.812291" rpa="false" schemaversion="5">
<suite id="s1" name="Parameterization" source="/home/costrategix/PycharmProjects/Sample/test/parameterization.robot">
<test id="s1-t1" name="Special characters" line="10">
<kw name="Validate UnSuccesful Login">
<kw name="open the browser with the Mortgage payment url" owner="resource">
<kw name="Get Driver Path With Browser" owner="webManager">
<msg time="2024-04-18T15:07:56.907137" level="INFO">====== WebDriver manager ======</msg>
<msg time="2024-04-18T15:07:56.952323" level="INFO">Get LATEST chromedriver version for google-chrome</msg>
<msg time="2024-04-18T15:07:57.036364" level="INFO">Get LATEST chromedriver version for google-chrome</msg>
<msg time="2024-04-18T15:07:57.119576" level="INFO">Driver [/home/costrategix/.wdm/drivers/chromedriver/linux64/123.0.6312.122/chromedriver-linux64/chromedriver] found in cache</msg>
<msg time="2024-04-18T15:07:57.119915" level="INFO">/home/costrategix/.wdm/drivers/chromedriver/linux64/123.0.6312.122/chromedriver-linux64/chromedriver</msg>
<msg time="2024-04-18T15:07:57.120170" level="INFO">${driver_path} = /home/costrategix/.wdm/drivers/chromedriver/linux64/123.0.6312.122/chromedriver-linux64/chromedriver</msg>
<var>${driver_path}</var>
<arg>chrome</arg>
<status status="PASS" start="2024-04-18T15:07:56.906931" elapsed="0.213287"/>
</kw>
<kw name="Open Browser" owner="SeleniumLibrary">
<msg time="2024-04-18T15:07:57.121592" level="INFO">Opening browser 'chrome' to base url 'https://rahulshettyacademy.com/loginpagePractise/'.</msg>
<arg>${url}</arg>
<arg>chrome</arg>
<arg>executable_path=${driver_path}</arg>
<doc>Opens a new browser instance to the optional ``url``.</doc>
<status status="PASS" start="2024-04-18T15:07:57.121109" elapsed="1.387100"/>
</kw>
<kw name="Maximize Browser Window" owner="SeleniumLibrary">
<doc>Maximizes current browser window.</doc>
<status status="PASS" start="2024-04-18T15:07:58.508873" elapsed="0.107801"/>
</kw>
<kw name="Sleep" owner="BuiltIn">
<msg time="2024-04-18T15:08:00.618405" level="INFO">Slept 2 seconds.</msg>
<arg>2 sec</arg>
<doc>Pauses the test executed for the given time.</doc>
<status status="PASS" start="2024-04-18T15:07:58.617514" elapsed="2.001079"/>
</kw>
<kw name="Go To" owner="SeleniumLibrary">
<msg time="2024-04-18T15:08:00.619195" level="INFO">Opening url 'https://rahulshettyacademy.com/loginpagePractise/'</msg>
<arg>${url}</arg>
<doc>Navigates the current browser window to the provided ``url``.</doc>
<status status="PASS" start="2024-04-18T15:08:00.618871" elapsed="0.049660"/>
</kw>
<status status="PASS" start="2024-04-18T15:07:56.906684" elapsed="3.762110"/>
</kw>
<kw name="Fill the login Form">
<kw name="Input Text" owner="SeleniumLibrary">
<msg time="2024-04-18T15:08:00.670397" level="INFO">Typing text '*&amp;^$' into text field 'id:username'.</msg>
<arg>id:username</arg>
<arg>${username}</arg>
<doc>Types the given ``text`` into the text field identified by ``locator``.</doc>
<status status="PASS" start="2024-04-18T15:08:00.669838" elapsed="0.117136"/>
</kw>
<kw name="Input Password" owner="SeleniumLibrary">
<msg time="2024-04-18T15:08:00.787549" level="INFO">Typing password into text field 'id:password'.</msg>
<msg time="2024-04-18T15:08:00.826441" level="INFO">Temporally setting log level to: NONE</msg>
<arg>id:password</arg>
<arg>${password}</arg>
<doc>Types the given password into the text field identified by ``locator``.</doc>
<status status="PASS" start="2024-04-18T15:08:00.787227" elapsed="0.080063"/>
</kw>
<kw name="Click Button" owner="SeleniumLibrary">
<msg time="2024-04-18T15:08:00.867826" level="INFO">Clicking button 'signInBtn'.</msg>
<arg>signInBtn</arg>
<doc>Clicks the button identified by ``locator``.</doc>
<status status="PASS" start="2024-04-18T15:08:00.867557" elapsed="0.053075"/>
</kw>
<kw name="Wait Until Element Is Visible" owner="SeleniumLibrary">
<arg>css:.alert-danger</arg>
<doc>Waits until the element ``locator`` is visible.</doc>
<status status="PASS" start="2024-04-18T15:08:00.920934" elapsed="2.028988"/>
</kw>
<arg>${username}</arg>
<arg>${password}</arg>
<status status="PASS" start="2024-04-18T15:08:00.669192" elapsed="2.280917"/>
</kw>
<arg>*&amp;^$</arg>
<arg>!!!!</arg>
<status status="PASS" start="2024-04-18T15:07:56.906238" elapsed="6.043976"/>
</kw>
<kw name="Close Browser session" owner="resource" type="TEARDOWN">
<kw name="Close Browser" owner="SeleniumLibrary">
<doc>Closes the current browser.</doc>
<status status="PASS" start="2024-04-18T15:08:02.951123" elapsed="0.059335"/>
</kw>
<status status="PASS" start="2024-04-18T15:08:02.950618" elapsed="0.060048"/>
</kw>
<status status="PASS" start="2024-04-18T15:07:56.905790" elapsed="6.104962"/>
</test>
<doc>To validate the parameterize</doc>
<status status="PASS" start="2024-04-18T15:07:56.815570" elapsed="6.195807"/>
</suite>
<statistics>
<total>
<stat pass="1" fail="0" skip="0">All Tests</stat>
</total>
<tag>
</tag>
<suite>
<stat pass="1" fail="0" skip="0" id="s1" name="Parameterization">Parameterization</stat>
</suite>
</statistics>
<errors>
</errors>
</robot>
